<?xml version="1.0" encoding="UTF-8"?>
<testsuite xmlns:xsi="http://www.w3.org/2001/XMLSchema-instance" xsi:noNamespaceSchemaLocation="https://maven.apache.org/surefire/maven-surefire-plugin/xsd/surefire-test-report-3.0.xsd" version="3.0" name="ExampleTest" time="1.749" tests="5" errors="0" skipped="0" failures="0">
  <properties>
[...]
</properties>
  <testcase name="Add tow numbers" classname="Test Calculator" time="0.506"/>
  <testcase name="Determinant" classname="Matrix" time="0.036"/>
  <testcase name="Transpose" classname="Matrix" time="0.008"/>
  <testcase name="Inverse" classname="Matrix" time="0.006"/>
  <testcase name="Cofactor" classname="Matrix" time="0.005"/>
</testsuite>